[2026-03-11T20:08:52.549Z] START batch 1
[2026-03-11T20:09:09.715Z] DONE 1/50 | query_motor | motor vario | REPLY: NO: 17 Nama Motor: Vario KZR merah Tahun: 2012 Plat: W Gresik Surat: Lengkap hidup Tahun Plat: 2027 Pajak: 2026 Harga Beli: Rp 8.000.000 Harga Jual: Rp 9.300.00
[2026-03-11T20:09:27.909Z] DONE 2/50 | query_motor | lihat motor beat | REPLY: NO: 34 Nama Motor: beat Tahun: 2013 Plat: S LAMONGAN Surat: Lengkap hidup Tahun Plat: 2028 Pajak: 2026 Harga Beli: Rp 7.700.000 Harga Jual: Rp 8.900.000 Harga L
[2026-03-11T20:09:47.342Z] DONE 3/50 | query_motor | motor apa saja yang ada | REPLY: NO: 1 Nama Motor: new cb led 150 Tahun: 2015 Plat: S Lamongan Surat: BPKB ONLY Tahun Plat: Pajak: Harga Beli: Rp 3.900.000 Harga Jual: Rp 0 Harga Laku: - Status
[2026-03-11T20:10:07.263Z] DONE 4/50 | query_motor | tampilkan semua stok motor | REPLY: NO: 1 Nama Motor: new cb led 150 Tahun: 2015 Plat: S Lamongan Surat: BPKB ONLY Tahun Plat: Pajak: Harga Beli: Rp 3.900.000 Harga Jual: Rp 0 Harga Laku: - Status
[2026-03-11T20:10:28.336Z] DONE 5/50 | stok | berapa stok motor sekarang | REPLY: Saat ini terdapat 20 unit motor yang tersedia.
[2026-03-11T20:10:49.738Z] DONE 6/50 | stok | motor apa saja yang ready | REPLY: NO: 2 Nama Motor: Beat ECO Tahun: 2017 Plat: W Gresik Surat: Lengkap hidup Tahun Plat: 2027 Pajak: 2026 Harga Beli: Rp 10.500.000 Harga Jual: Rp 11.900.000 Harg
[2026-03-11T20:11:08.774Z] DONE 7/50 | stok | stok motor yang belum terjual | REPLY: NO: 1 Nama Motor: new cb led 150 Tahun: 2015 Plat: S Lamongan Surat: BPKB ONLY Tahun Plat: Pajak: Harga Beli: Rp 3.900.000 Harga Jual: Rp 0 Harga Laku: - Status
[2026-03-11T20:11:25.560Z] DONE 8/50 | filter_motor | motor pajak 2030 | REPLY: Tidak ditemukan data yang sesuai.
[2026-03-11T20:11:42.406Z] DONE 9/50 | filter_motor | motor tahun 2019 | REPLY: Tidak ditemukan data yang sesuai.
[2026-03-11T20:12:04.012Z] DONE 10/50 | filter_motor | motor yang suratnya lengkap hidup | REPLY: NO: 17 Nama Motor: Vario KZR merah Tahun: 2012 Plat: W Gresik Surat: Lengkap hidup Tahun Plat: 2027 Pajak: 2026 Harga Beli: Rp 8.000.000 Harga Jual: Rp 9.300.00
[2026-03-11T20:12:23.171Z] DONE 11/50 | filter_motor | motor harga jual 7 juta | REPLY: Tidak ditemukan data yang sesuai.
[2026-03-11T20:12:42.787Z] DONE 12/50 | filter_motor | motor harga beli 4 juta | REPLY: NO: 32 Nama Motor: Satria 2 tak Tahun: 1998 Plat: W MOJOKERTO Surat: Lengkap mati Tahun Plat: 2007 Pajak: 2004 Harga Beli: Rp 4.000.000 Harga Jual: Rp 6.900.000
[2026-03-11T20:13:05.484Z] DONE 13/50 | filter_motor | motor yang platnya S | REPLY: NO: 1 Nama Motor: new cb led 150 Tahun: 2015 Plat: S Lamongan Surat: BPKB ONLY Tahun Plat: Pajak: Harga Beli: Rp 3.900.000 Harga Jual: Rp 0 Harga Laku: - Status
[2026-03-11T20:13:24.191Z] DONE 14/50 | filter_motor | motor yang tahun platnya 2030 | REPLY: NO: 25 Nama Motor: Scoopy Tahun: 2015 Plat: S Lamongan Surat: Lengkap hidup Tahun Plat: 2030 Pajak: 2026 Harga Beli: Rp 9.000.000 Harga Jual: Rp 9.950.000 Harga
[2026-03-11T20:13:43.008Z] DONE 15/50 | multi_filter | motor vario tahun 2019 | REPLY: Tidak ditemukan data yang sesuai.
[2026-03-11T20:14:00.154Z] DONE 16/50 | multi_filter | motor beat pajak 2030 | REPLY: Tidak ditemukan data yang sesuai.
[2026-03-11T20:14:19.073Z] DONE 17/50 | multi_query | lihat data motor beat dan vario | REPLY: NO: 17 Nama Motor: Vario KZR merah Tahun: 2012 Plat: W Gresik Surat: Lengkap hidup Tahun Plat: 2027 Pajak: 2026 Harga Beli: Rp 8.000.000 Harga Jual: Rp 9.300.00
[2026-03-11T20:14:36.754Z] DONE 18/50 | query_nomor | motor nomor 17 | REPLY: NO: 17 Nama Motor: Vario KZR merah Tahun: 2012 Plat: W Gresik Surat: Lengkap hidup Tahun Plat: 2027 Pajak: 2026 Harga Beli: Rp 8.000.000 Harga Jual: Rp 9.300.00
[2026-03-11T20:14:59.649Z] DONE 19/50 | query_nomor | motor no 12 | REPLY: Tidak ditemukan data yang sesuai.
[2026-03-11T20:15:24.945Z] DONE 20/50 | query_nomor | motor nomor 7 pajaknya berapa | REPLY: NO: 7 Pajak: 2018
[2026-03-11T20:15:47.184Z] DONE 21/50 | query_nomor | motor nomor 10 suratnya apa | REPLY: Tidak ditemukan data yang sesuai.
[2026-03-11T20:16:08.129Z] DONE 22/50 | query_nomor | motor nomor 15 tahun berapa | REPLY: Tidak ditemukan data yang sesuai.
[2026-03-11T20:16:27.945Z] DONE 23/50 | penjualan_query | motor yang sudah terjual | REPLY: NO: 2 Nama Motor: Beat ECO Tahun: 2017 Plat: W Gresik Surat: Lengkap hidup Tahun Plat: 2027 Pajak: 2026 Harga Beli: Rp 10.500.000 Harga Jual: Rp 11.900.000 Harg
[2026-03-11T20:16:49.759Z] DONE 24/50 | penjualan_query | berapa motor yang sudah laku | REPLY: Jumlah unit terjual: 21.
[2026-03-11T20:17:09.400Z] DONE 25/50 | penjualan_query | motor terjual minggu ini | REPLY: Jumlah unit terjual: 5.
[2026-03-11T20:17:30.325Z] DONE 26/50 | penjualan_query | motor yang laku hari ini | REPLY: Tidak ditemukan data yang sesuai.
[2026-03-11T20:18:05.510Z] DONE 27/50 | penjualan_query | apa saja motor yang sudah laku | REPLY: NO: 2 Nama Motor: Beat ECO Tahun: 2017 Plat: W Gresik Surat: Lengkap hidup Tahun Plat: 2027 Pajak: 2026 Harga Beli: Rp 10.500.000 Harga Jual: Rp 11.900.000 Harg
[2026-03-11T20:18:24.617Z] DONE 28/50 | keuangan | keuntungan minggu ini | REPLY: Total keuntungan: Rp 1.400.000.
[2026-03-11T20:18:46.183Z] DONE 29/50 | keuangan | profit 7 hari | REPLY: Total keuntungan: Rp 1.400.000.
[2026-03-11T20:19:09.757Z] DONE 30/50 | keuangan | berapa keuntungan 3 hari ini | REPLY: Tidak ditemukan data yang sesuai.
[2026-03-11T20:19:47.908Z] DONE 31/50 | keuangan | pendapatan dari penjualan minggu ini | REPLY: Total keuntungan: Rp 1.400.000.
[2026-03-11T20:20:07.849Z] DONE 32/50 | keuangan | laba dari penjualan 7 hari terakhir | REPLY: Total keuntungan: Rp 1.400.000.
[2026-03-11T20:20:19.697Z] DONE 33/50 | pengeluaran_query | pengeluaran hari ini | REPLY: Tidak ditemukan data yang sesuai.
[2026-03-11T20:20:32.852Z] DONE 34/50 | pengeluaran_query | berapa total pengeluaran minggu ini | REPLY: Tidak ditemukan data yang sesuai.
[2026-03-11T20:20:41.969Z] DONE 35/50 | pengeluaran_input | input pengeluaran rokok 20k | REPLY: Pengeluaran berhasil dicatat: rokok - Rp20.000
[2026-03-11T20:20:51.830Z] DONE 36/50 | pengeluaran_input | input pengeluaran kopi 15k | REPLY: Pengeluaran berhasil dicatat: kopi - Rp15.000
[2026-03-11T20:21:00.306Z] DONE 37/50 | pengeluaran_input | beli bensin 30k | REPLY: Pengeluaran berhasil dicatat: bensin - Rp30.000
[2026-03-11T20:21:12.871Z] DONE 38/50 | motor_input | motor masuk vario 2019 pajak 2030 harga 7 juta beli 6 juta | REPLY: Data motor belum lengkap. Field kosong: PLAT SURAT-SURAT TAHUN PLAT Apakah mau langsung disimpan? Balas: iya Atau isi saja field yang masih kosong.
[2026-03-11T20:21:20.573Z] DONE 39/50 | motor_input | tambah motor vario tahun 2019 | REPLY: Data motor belum lengkap. Field kosong: PLAT SURAT-SURAT TAHUN PLAT PAJAK HARGA JUAL HARGA BELI Apakah mau langsung disimpan? Balas: iya Atau isi saja field yan
[2026-03-11T20:21:28.002Z] DONE 40/50 | motor_input_followup | langsung input saja | REPLY: Motor berhasil ditambahkan. NO: 9001.
[2026-03-11T20:21:46.658Z] DONE 41/50 | confirm_sale | motor vario laku 7 juta | REPLY: NO: 17 Nama Motor: Vario KZR merah Tahun: 2012 Plat: W Gresik Surat: Lengkap hidup Tahun Plat: 2027 Pajak: 2026 Harga Beli: Rp 8.000.000 Harga Jual: Rp 9.300.00
[2026-03-11T20:22:05.654Z] DONE 42/50 | edit_motor | edit harga jual motor vario jadi 7 juta | REPLY: NO: 8 Nama Motor: Vario kebo Tahun: 2007 Plat: S Lamongan Surat: Lengkap mati Tahun Plat: 2027 Pajak: 2023 Harga Beli: Rp 3.500.000 Harga Jual: Rp 4.900.000 Har
[2026-03-11T20:22:25.433Z] DONE 43/50 | followup_context | motor vario | REPLY: NO: 17 Nama Motor: Vario KZR merah Tahun: 2012 Plat: W Gresik Surat: Lengkap hidup Tahun Plat: 2027 Pajak: 2026 Harga Beli: Rp 8.000.000 Harga Jual: Rp 9.300.00
[2026-03-11T20:22:32.380Z] DONE 44/50 | followup_context | yang ini pajaknya berapa | REPLY: Terdapat beberapa motor yang cocok. Pilih nomor motor yang dimaksud.
[2026-03-11T20:22:41.599Z] DONE 45/50 | followup_context | harga belinya berapa | REPLY: Terdapat beberapa motor yang cocok. Pilih nomor motor yang dimaksud.
[2026-03-11T20:22:50.728Z] DONE 46/50 | followup_context | tahun berapa | REPLY: Terdapat beberapa motor yang cocok. Pilih nomor motor yang dimaksud.
[2026-03-11T20:23:00.547Z] DONE 47/50 | reminder | ingatkan aku jam 9 makan | REPLY: Reminder disimpan untuk 2026-03-12T02:00:00.000Z: makan
[2026-03-11T20:23:11.861Z] DONE 48/50 | reminder | daftar reminder | REPLY: ID: mmmhkcsh_l8d7isob Waktu: 2026-03-12 Pesan: makan
[2026-03-11T20:23:31.054Z] DONE 49/50 | correction | bukan itu maksudku | REPLY: Maaf, saya salah memahami sebelumnya. Saya hitung ulang dengan parameter yang benar. NO: 17 Nama Motor: Vario KZR merah Tahun: 2012 Plat: W Gresik Surat: Lengka
[2026-03-11T20:23:51.229Z] DONE 50/50 | correction | maksudku yang lain | REPLY: Maaf, saya salah memahami sebelumnya. Saya hitung ulang dengan parameter yang benar. NO: 17 Nama Motor: Vario KZR merah Tahun: 2012 Plat: W Gresik Surat: Lengka
[2026-03-11T20:23:51.235Z] FINISHED batch 1
