[2026-03-11T18:32:53.343Z] DONE 29/50 | profit 7 hari | REPLY: Total keuntungan: Rp 1.400.000.
[2026-03-11T18:33:11.659Z] DONE 30/50 | berapa keuntungan 3 hari ini | REPLY: Total keuntungan: Rp 1.400.000.
[2026-03-11T18:33:34.663Z] DONE 31/50 | pendapatan dari penjualan minggu ini | REPLY: Harga Laku: Rp 30.300.000.
[2026-03-11T18:33:56.057Z] DONE 32/50 | laba dari penjualan 7 hari terakhir | REPLY: Total keuntungan: Rp 1.400.000.
[2026-03-11T18:34:07.726Z] DONE 33/50 | pengeluaran hari ini | REPLY: Tidak ditemukan data yang sesuai.
[2026-03-11T18:34:21.595Z] DONE 34/50 | berapa total pengeluaran minggu ini | REPLY: Tidak ditemukan data yang sesuai.
[2026-03-11T18:34:30.611Z] DONE 35/50 | input pengeluaran rokok 20k | REPLY: Pengeluaran berhasil dicatat: rokok - Rp20.000
[2026-03-11T18:34:40.068Z] DONE 36/50 | input pengeluaran kopi 15k | REPLY: Data pengeluaran belum lengkap. Field kosong: TOTAL Apakah mau langsung disimpan? Balas: iya Atau isi saja field yang masih kosong.
[2026-03-11T18:34:49.818Z] DONE 37/50 | beli bensin 30k | REPLY: Data pengeluaran belum lengkap. Field kosong: KETERANGAN TOTAL Apakah mau langsung disimpan? Balas: iya Atau isi saja field yang masih kosong.
[2026-03-11T18:35:02.176Z] DONE 38/50 | motor masuk vario 2019 pajak 2030 harga 7 juta beli 6 juta | REPLY: Data motor belum lengkap. Field kosong: PLAT SURAT-SURAT TAHUN PLAT Apakah mau langsung disimpan? Balas: iya Atau isi saja field yang masih kosong.
[2026-03-11T18:35:11.700Z] DONE 39/50 | tambah motor vario tahun 2019 | REPLY: Data motor belum lengkap. Field kosong: PLAT SURAT-SURAT TAHUN PLAT PAJAK HARGA JUAL HARGA BELI Apakah mau langsung disimpan? Balas: iya Atau isi saja field yan
[2026-03-11T18:35:22.380Z] DONE 40/50 | langsung input saja | REPLY: Motor berhasil ditambahkan. NO: 9001.
[2026-03-11T18:35:42.853Z] DONE 41/50 | motor vario laku 7 juta | REPLY: NO: 17 Nama Motor: Vario KZR merah Tahun: 2012 Plat: W Gresik Surat: Lengkap hidup Tahun Plat: 2027 Pajak: 2026 Harga Beli: Rp 8.000.000 Harga Jual: Rp 9.300.00
[2026-03-11T18:36:02.351Z] DONE 42/50 | edit harga jual motor vario jadi 7 juta | REPLY: NO: 8 Nama Motor: Vario kebo Tahun: 2007 Plat: S Lamongan Surat: Lengkap mati Tahun Plat: 2027 Pajak: 2023 Harga Beli: Rp 3.500.000 Harga Jual: Rp 4.900.000 Har
[2026-03-11T18:36:24.180Z] DONE 43/50 | motor vario | REPLY: NO: 17 Nama Motor: Vario KZR merah Tahun: 2012 Plat: W Gresik Surat: Lengkap hidup Tahun Plat: 2027 Pajak: 2026 Harga Beli: Rp 8.000.000 Harga Jual: Rp 9.300.00
[2026-03-11T18:36:44.065Z] DONE 44/50 | yang ini pajaknya berapa | REPLY: NO: 17 Pajak: 2026 NO: 38 Pajak: 2026
[2026-03-11T18:37:02.443Z] DONE 45/50 | harga belinya berapa | REPLY: NO: 17 Harga Beli: Rp 8.000.000 NO: 38 Harga Beli: Rp 5.700.000
[2026-03-11T18:37:21.801Z] DONE 46/50 | tahun berapa | REPLY: NO: 17 Tahun: 2012 NO: 38 Tahun: 2010
[2026-03-11T18:37:30.934Z] DONE 47/50 | ingatkan aku jam 9 makan | REPLY: Reminder disimpan untuk 2026-03-12T02:00:00.000Z: makan
[2026-03-11T18:37:41.583Z] DONE 48/50 | daftar reminder | REPLY: ID: mmmdsotw_lrlc7j91 Waktu: 2026-03-12 Pesan: makan
[2026-03-11T18:38:02.122Z] DONE 49/50 | bukan itu maksudku | REPLY: Maaf, saya salah memahami sebelumnya. Saya hitung ulang dengan parameter yang benar. NO: 17 Nama Motor: Vario KZR merah Tahun: 2012 Plat: W Gresik Surat: Lengka
[2026-03-11T18:38:22.731Z] DONE 50/50 | maksudku yang lain | REPLY: Maaf, saya salah memahami sebelumnya. Saya hitung ulang dengan parameter yang benar. NO: 17 Nama Motor: Vario KZR merah Tahun: 2012 Plat: W Gresik Surat: Lengka
