[2026-03-12T11:24:01.203Z] START batch 2 range 101-115
[2026-03-12T11:24:10.325Z] DONE 101/150 | mutation_correction | input pengeluaran rokok 20k | REPLY: Pengeluaran berhasil dicatat: rokok - Rp20.000
[2026-03-12T11:24:20.040Z] DONE 102/150 | mutation_correction | bukan 20k, 25k | REPLY: Pengeluaran berhasil diperbarui: rokok - Rp25.000
[2026-03-12T11:24:20.785Z] DONE 69/150 | followup_context | motor vario | REPLY: NO: 17 Nama Motor: Vario KZR merah Tahun: 2012 Plat: W Gresik Surat: Lengkap hidup Tahun Plat: 2027 Pajak: 2026 Harga Beli: Rp 8.000.000 Harga Jual: Rp 9.300.00
[2026-03-12T11:24:24.115Z] DONE 141/150 | temporal_metric | keuntungan minggu ini | REPLY: Total keuntungan: Rp 500.000.
[2026-03-12T11:24:28.248Z] DONE 103/150 | mutation_correction | beli bensin 30k | REPLY: Pengeluaran berhasil dicatat: bensin - Rp30.000
[2026-03-12T11:24:38.489Z] DONE 70/150 | followup_context | yang tahun 2019 | REPLY: Tidak ditemukan data yang sesuai.
[2026-03-12T11:24:41.165Z] DONE 104/150 | mutation_correction | bukan bensin, solar | REPLY: Pengeluaran berhasil diperbarui: solar - Rp30.000
[2026-03-12T11:24:42.435Z] DONE 142/150 | temporal_metric | profit 7 hari | REPLY: Total keuntungan: Rp 500.000.
[2026-03-12T11:24:50.991Z] DONE 71/150 | followup_context | yang pajaknya berapa | REPLY: Context sebelumnya tidak lagi valid. Silakan pilih data motor kembali.
[2026-03-12T11:25:01.109Z] DONE 143/150 | temporal_metric | laba 7 hari terakhir | REPLY: Total keuntungan: Rp 500.000.
[2026-03-12T11:25:05.434Z] DONE 105/150 | mutation_correction | motor vario laku 7 juta | REPLY: NO: 17 Nama Motor: Vario KZR merah Tahun: 2012 Plat: W Gresik Surat: Lengkap hidup Tahun Plat: 2027 Pajak: 2026 Harga Beli: Rp 8.000.000 Harga Jual: Rp 9.300.00
[2026-03-12T11:25:06.255Z] DONE 72/150 | followup_context | motor beat | REPLY: NO: 34 Nama Motor: beat Tahun: 2013 Plat: S LAMONGAN Surat: Lengkap hidup Tahun Plat: 2028 Pajak: 2026 Harga Beli: Rp 7.700.000 Harga Jual: Rp 8.900.000 Harga L
[2026-03-12T11:25:13.658Z] DONE 144/150 | temporal_metric | total pengeluaran hari ini | REPLY: Tidak ditemukan data yang sesuai.
[2026-03-12T11:25:16.507Z] DONE 106/150 | mutation_correction | bukan 7 juta, 6 juta | REPLY: Baik, harga laku saya perbarui menjadi Rp 6.000.000. Pilih nomor motor yang dimaksud.
[2026-03-12T11:25:24.654Z] DONE 73/150 | followup_context | yang pajaknya 2030 | REPLY: Tidak ditemukan data yang sesuai.
[2026-03-12T11:25:26.045Z] DONE 145/150 | temporal_metric | pengeluaran 3 hari | REPLY: Tidak ditemukan data yang sesuai.
[2026-03-12T11:25:35.244Z] DONE 107/150 | mutation_correction | motor beat laku 5 juta | REPLY: Konfirmasi motor terjual berhasil disimpan. NO: 34 Nama Motor: beat Harga Laku: Rp 5.000.000
[2026-03-12T11:25:38.638Z] DONE 146/150 | temporal_metric | pengeluaran minggu ini | REPLY: Tidak ditemukan data yang sesuai.
[2026-03-12T11:25:42.526Z] DONE 74/150 | followup_context | yang ini harga jualnya berapa | REPLY: Context sebelumnya tidak lagi valid. Silakan pilih data motor kembali.
[2026-03-12T11:25:42.528Z] FINISHED batch 2 range 69-74
